TN:
SF:src/components/List.tsx
FN:7,get
FN:7,List
FN:11,addToList
FN:15,removeFromList
FN:27,onChange
FN:34,onClick
FNF:6
FNH:6
FNDA:4,get
FNDA:9,List
FNDA:1,addToList
FNDA:1,removeFromList
FNDA:4,onChange
FNDA:1,onClick
DA:1,1
DA:2,1
DA:3,1
DA:4,1
DA:5,1
DA:6,1
DA:7,1
DA:8,9
DA:9,9
DA:10,9
DA:11,9
DA:12,1
DA:13,1
DA:14,9
DA:15,9
DA:16,1
DA:17,1
DA:18,1
DA:19,1
DA:20,9
DA:21,9
DA:22,9
DA:23,9
DA:24,9
DA:25,9
DA:26,9
DA:27,9
DA:28,9
DA:29,9
DA:30,9
DA:31,9
DA:32,5
DA:33,9
DA:34,9
DA:35,9
DA:36,9
DA:37,9
DA:38,9
DA:39,9
DA:40,9
LF:40
LH:40
BRDA:7,0,0,4
BRDA:7,1,0,9
BRDA:11,2,0,1
BRDA:12,3,0,1
BRDA:15,4,0,1
BRDA:16,5,0,1
BRDA:17,6,0,1
BRDA:17,7,0,1
BRDA:27,8,0,4
BRDA:31,9,0,5
BRDA:34,10,0,1
BRF:11
BRH:11
end_of_record
